{
  "stats": {
    "suites": 1,
    "tests": 4,
    "passes": 4,
    "pending": 0,
    "failures": 0,
    "start": "2022-05-09T18:52:04.151Z",
    "end": "2022-05-09T18:52:31.738Z",
    "duration": 27587,
    "testsRegistered": 4,
    "passPercent": 100,
    "pendingPercent": 0,
    "other": 0,
    "hasOther": false,
    "skipped": 0,
    "hasSkipped": false
  },
  "results": [
    {
      "uuid": "1d8d0cde-5514-4d4c-ab11-bb40f1a741f4",
      "title": "",
      "fullFile": "cypress/tests/Login_Tests.js",
      "file": "cypress/tests/Login_Tests.js",
      "beforeHooks": [],
      "afterHooks": [],
      "tests": [],
      "suites": [
        {
          "uuid": "6c39144e-5af4-4656-a2b0-d6a7f3106b02",
          "title": "First Test",
          "fullFile": "",
          "file": "",
          "beforeHooks": [],
          "afterHooks": [],
          "tests": [
            {
              "title": "Successful Login",
              "fullTitle": "First Test Successful Login",
              "timedOut": null,
              "duration": 9994,
              "state": "passed",
              "speed": "medium",
              "pass": true,
              "fail": false,
              "pending": false,
              "context": null,
              "code": "landingPage.getUsernameInputField().type(this.data.login.validUsername1);\nlandingPage.getPasswordInputField().type(this.data.validPassword);\nlandingPage.getLoginButton().click();\ncy.location(\"pathname\").should('eq', inventoryPage);\nhomepage.getHomepageLogo().should(\"be.visible\");\ncy.wait(2000);",
              "err": {},
              "uuid": "01fa482c-498d-4c48-b2ef-a7de0c6b6772",
              "parentUUID": "6c39144e-5af4-4656-a2b0-d6a7f3106b02",
              "isHook": false,
              "skipped": false
            },
            {
              "title": "Successful Login follow by logOut",
              "fullTitle": "First Test Successful Login follow by logOut",
              "timedOut": null,
              "duration": 5794,
              "state": "passed",
              "speed": "medium",
              "pass": true,
              "fail": false,
              "pending": false,
              "context": null,
              "code": "landingPage.getUsernameInputField().type(this.data.login.validUsername1);\nlandingPage.getPasswordInputField().type(this.data.validPassword);\nlandingPage.getLoginButton().click();\nhomepage.getBurgerMenu().click();\nhomepage.getLogoutButton().click();\ncy.wait(2000);",
              "err": {},
              "uuid": "1f2e5e7d-24d2-4b29-b3b6-8e4e4be7f156",
              "parentUUID": "6c39144e-5af4-4656-a2b0-d6a7f3106b02",
              "isHook": false,
              "skipped": false
            },
            {
              "title": "Unsuccessful Login With empty username",
              "fullTitle": "First Test Unsuccessful Login With empty username",
              "timedOut": null,
              "duration": 3424,
              "state": "passed",
              "speed": "fast",
              "pass": true,
              "fail": false,
              "pending": false,
              "context": null,
              "code": "landingPage.getUsernameInputField().invoke(\"val\", \"\");\nlandingPage.getLoginButton().click();\ncy.get('.error-message-container').should(\"be.visible\");\ncy.get('.error-message-container').should(\"have.text\", this.data.errorMessages.emptyUsername);\ncy.wait(2000);",
              "err": {},
              "uuid": "e6d88ef4-dd6b-4436-8d1c-25697351193d",
              "parentUUID": "6c39144e-5af4-4656-a2b0-d6a7f3106b02",
              "isHook": false,
              "skipped": false
            },
            {
              "title": "Unsuccessful Login With empty password",
              "fullTitle": "First Test Unsuccessful Login With empty password",
              "timedOut": null,
              "duration": 3005,
              "state": "passed",
              "speed": "fast",
              "pass": true,
              "fail": false,
              "pending": false,
              "context": null,
              "code": "landingPage.getUsernameInputField().type(\" \");\nlandingPage.getPasswordInputField().clear();\nlandingPage.getLoginButton().click();\ncy.get('.error-message-container').should(\"be.visible\");\ncy.get('.error-message-container').should(\"have.text\", this.data.errorMessages.emptyPassword);\ncy.wait(2000);",
              "err": {},
              "uuid": "83f7c258-1cf2-4219-96e1-55f107a6bd7a",
              "parentUUID": "6c39144e-5af4-4656-a2b0-d6a7f3106b02",
              "isHook": false,
              "skipped": false
            }
          ],
          "suites": [],
          "passes": [
            "01fa482c-498d-4c48-b2ef-a7de0c6b6772",
            "1f2e5e7d-24d2-4b29-b3b6-8e4e4be7f156",
            "e6d88ef4-dd6b-4436-8d1c-25697351193d",
            "83f7c258-1cf2-4219-96e1-55f107a6bd7a"
          ],
          "failures": [],
          "pending": [],
          "skipped": [],
          "duration": 22217,
          "root": false,
          "rootEmpty": false,
          "_timeout": 2000
        }
      ],
      "passes": [],
      "failures": [],
      "pending": [],
      "skipped": [],
      "duration": 0,
      "root": true,
      "rootEmpty": true,
      "_timeout": 2000
    }
  ],
  "meta": {
    "mocha": {
      "version": "7.0.1"
    },
    "mochawesome": {
      "options": {
        "quiet": false,
        "reportFilename": "mochawesome",
        "saveHtml": true,
        "saveJson": true,
        "consoleReporter": "spec",
        "useInlineDiffs": false,
        "code": true
      },
      "version": "7.1.3"
    },
    "marge": {
      "options": null,
      "version": "6.2.0"
    }
  }
}