{
  "stats": {
    "suites": 1,
    "tests": 1,
    "passes": 1,
    "pending": 0,
    "failures": 0,
    "start": "2022-05-08T16:08:21.758Z",
    "end": "2022-05-08T16:08:28.236Z",
    "duration": 6478,
    "testsRegistered": 1,
    "passPercent": 100,
    "pendingPercent": 0,
    "other": 0,
    "hasOther": false,
    "skipped": 0,
    "hasSkipped": false
  },
  "results": [
    {
      "uuid": "59c75dea-b45b-41ad-9b21-836e416c907f",
      "title": "",
      "fullFile": "cypress/integration/Tests/Login_Tests.js",
      "file": "cypress/integration/Tests/Login_Tests.js",
      "beforeHooks": [],
      "afterHooks": [],
      "tests": [],
      "suites": [
        {
          "uuid": "e426ae3c-dced-4dc0-b699-48ece3ca2716",
          "title": "Test login functionalities",
          "fullFile": "",
          "file": "",
          "beforeHooks": [],
          "afterHooks": [],
          "tests": [
            {
              "title": "Successful Login",
              "fullTitle": "Test login functionalities Successful Login",
              "timedOut": null,
              "duration": 1875,
              "state": "passed",
              "speed": "fast",
              "pass": true,
              "fail": false,
              "pending": false,
              "context": null,
              "code": "cy.visit(\"https://www.saucedemo.com/\");",
              "err": {},
              "uuid": "465c8095-2502-45ba-a5fc-ab261eb6b8fb",
              "parentUUID": "e426ae3c-dced-4dc0-b699-48ece3ca2716",
              "isHook": false,
              "skipped": false
            }
          ],
          "suites": [],
          "passes": [
            "465c8095-2502-45ba-a5fc-ab261eb6b8fb"
          ],
          "failures": [],
          "pending": [],
          "skipped": [],
          "duration": 1875,
          "root": false,
          "rootEmpty": false,
          "_timeout": 2000
        }
      ],
      "passes": [],
      "failures": [],
      "pending": [],
      "skipped": [],
      "duration": 0,
      "root": true,
      "rootEmpty": true,
      "_timeout": 2000
    }
  ],
  "meta": {
    "mocha": {
      "version": "7.0.1"
    },
    "mochawesome": {
      "options": {
        "quiet": false,
        "reportFilename": "mochawesome",
        "saveHtml": true,
        "saveJson": true,
        "consoleReporter": "spec",
        "useInlineDiffs": false,
        "code": true
      },
      "version": "7.1.3"
    },
    "marge": {
      "options": null,
      "version": "6.2.0"
    }
  }
}