{
  "stats": {
    "suites": 1,
    "tests": 6,
    "passes": 6,
    "pending": 0,
    "failures": 0,
    "start": "2022-05-11T14:02:10.230Z",
    "end": "2022-05-11T14:02:51.587Z",
    "duration": 41357,
    "testsRegistered": 6,
    "passPercent": 100,
    "pendingPercent": 0,
    "other": 0,
    "hasOther": false,
    "skipped": 0,
    "hasSkipped": false
  },
  "results": [
    {
      "uuid": "749a2caf-163b-4d56-9c22-56ba15c1027c",
      "title": "",
      "fullFile": "cypress/tests/Login_Tests.js",
      "file": "cypress/tests/Login_Tests.js",
      "beforeHooks": [],
      "afterHooks": [],
      "tests": [],
      "suites": [
        {
          "uuid": "a1f62851-3500-4c3d-b611-39689da549b8",
          "title": "First Test",
          "fullFile": "",
          "file": "",
          "beforeHooks": [],
          "afterHooks": [],
          "tests": [
            {
              "title": "Successful Login",
              "fullTitle": "First Test Successful Login",
              "timedOut": null,
              "duration": 7932,
              "state": "passed",
              "speed": "medium",
              "pass": true,
              "fail": false,
              "pending": false,
              "context": null,
              "code": "landingPage.getUsernameInputField().type(this.data.login.validUser);\nlandingPage.getPasswordInputField().type(this.data.validPassword);\nlandingPage.getLoginButton().click();\ncy.location(\"pathname\").should('eq', this.data.inventoryPageDirectory);\nhomepage.getHomepageLogo().should(\"be.visible\");",
              "err": {},
              "uuid": "16b3f396-cb90-4170-b44e-0008980f2747",
              "parentUUID": "a1f62851-3500-4c3d-b611-39689da549b8",
              "isHook": false,
              "skipped": false
            },
            {
              "title": "Successful Login Follow by LogOut",
              "fullTitle": "First Test Successful Login Follow by LogOut",
              "timedOut": null,
              "duration": 3284,
              "state": "passed",
              "speed": "fast",
              "pass": true,
              "fail": false,
              "pending": false,
              "context": null,
              "code": "landingPage.getUsernameInputField().type(this.data.login.problemUser);\nlandingPage.getPasswordInputField().type(this.data.validPassword);\nlandingPage.getLoginButton().click();\ncy.location(\"pathname\").should('equal', this.data.inventoryPageDirectory);\nhomepage.getBurgerMenu().click();\nhomepage.getLogoutButton().click();",
              "err": {},
              "uuid": "41991a41-97ab-4e2f-b494-f9a7d6716fcd",
              "parentUUID": "a1f62851-3500-4c3d-b611-39689da549b8",
              "isHook": false,
              "skipped": false
            },
            {
              "title": "Unsuccessful Login With Invalid Login Credentials",
              "fullTitle": "First Test Unsuccessful Login With Invalid Login Credentials",
              "timedOut": null,
              "duration": 1667,
              "state": "passed",
              "speed": "fast",
              "pass": true,
              "fail": false,
              "pending": false,
              "context": null,
              "code": "landingPage.getUsernameInputField().type(this.data.login.InvalidUsername);\nlandingPage.getPasswordInputField().type(this.data.wrongPassword);\nlandingPage.getLoginButton().click();\nlandingPage.getinvalidCredentialErrorMessage().should(\"be.visible\");\nlandingPage.getinvalidCredentialErrorMessage().should(\"have.text\", this.data.errorMessages.invalidCredential);\ncy.location(\"pathname\").should('not.eq', this.data.inventoryPageDirectory);",
              "err": {},
              "uuid": "53b4c97f-20a2-4498-9169-7008c1b631a1",
              "parentUUID": "a1f62851-3500-4c3d-b611-39689da549b8",
              "isHook": false,
              "skipped": false
            },
            {
              "title": "Unsuccessful Login With Empty Username",
              "fullTitle": "First Test Unsuccessful Login With Empty Username",
              "timedOut": null,
              "duration": 647,
              "state": "passed",
              "speed": "fast",
              "pass": true,
              "fail": false,
              "pending": false,
              "context": null,
              "code": "landingPage.getUsernameInputField().invoke(\"val\", \"\");\nlandingPage.getLoginButton().click();\nlandingPage.getEmptyInputErrorMessage().should(\"be.visible\");\nlandingPage.getEmptyInputErrorMessage().should(\"have.text\", this.data.errorMessages.emptyUsername);",
              "err": {},
              "uuid": "21d39325-5f0e-4860-91a7-4464eece8fc8",
              "parentUUID": "a1f62851-3500-4c3d-b611-39689da549b8",
              "isHook": false,
              "skipped": false
            },
            {
              "title": "Unsuccessful Login With Empty Password",
              "fullTitle": "First Test Unsuccessful Login With Empty Password",
              "timedOut": null,
              "duration": 946,
              "state": "passed",
              "speed": "fast",
              "pass": true,
              "fail": false,
              "pending": false,
              "context": null,
              "code": "landingPage.getUsernameInputField().type(\" \");\nlandingPage.getPasswordInputField().clear();\nlandingPage.getLoginButton().click();\nlandingPage.getEmptyInputErrorMessage().should(\"be.visible\");\nlandingPage.getEmptyInputErrorMessage().should(\"have.text\", this.data.errorMessages.emptyPassword);",
              "err": {},
              "uuid": "be379d56-041e-4616-a4aa-f4f2afb26a86",
              "parentUUID": "a1f62851-3500-4c3d-b611-39689da549b8",
              "isHook": false,
              "skipped": false
            },
            {
              "title": "Unsuccessful With Locked Out User",
              "fullTitle": "First Test Unsuccessful With Locked Out User",
              "timedOut": null,
              "duration": 1860,
              "state": "passed",
              "speed": "fast",
              "pass": true,
              "fail": false,
              "pending": false,
              "context": null,
              "code": "landingPage.getUsernameInputField().type(this.data.login.lockOutUser);\nlandingPage.getPasswordInputField().type(this.data.validPassword);\nlandingPage.getLoginButton().click();\nlandingPage.getLockOutErroMessage().should(\"be.visible\");\nlandingPage.getLockOutErroMessage().should(\"have.text\", this.data.errorMessages.lockedUser);",
              "err": {},
              "uuid": "8978b2ef-556b-41a1-89f0-d02275f3af20",
              "parentUUID": "a1f62851-3500-4c3d-b611-39689da549b8",
              "isHook": false,
              "skipped": false
            }
          ],
          "suites": [],
          "passes": [
            "16b3f396-cb90-4170-b44e-0008980f2747",
            "41991a41-97ab-4e2f-b494-f9a7d6716fcd",
            "53b4c97f-20a2-4498-9169-7008c1b631a1",
            "21d39325-5f0e-4860-91a7-4464eece8fc8",
            "be379d56-041e-4616-a4aa-f4f2afb26a86",
            "8978b2ef-556b-41a1-89f0-d02275f3af20"
          ],
          "failures": [],
          "pending": [],
          "skipped": [],
          "duration": 16336,
          "root": false,
          "rootEmpty": false,
          "_timeout": 2000
        }
      ],
      "passes": [],
      "failures": [],
      "pending": [],
      "skipped": [],
      "duration": 0,
      "root": true,
      "rootEmpty": true,
      "_timeout": 2000
    }
  ],
  "meta": {
    "mocha": {
      "version": "7.0.1"
    },
    "mochawesome": {
      "options": {
        "quiet": false,
        "reportFilename": "mochawesome",
        "saveHtml": true,
        "saveJson": true,
        "consoleReporter": "spec",
        "useInlineDiffs": false,
        "code": true
      },
      "version": "7.1.3"
    },
    "marge": {
      "options": null,
      "version": "6.2.0"
    }
  }
}